

Started GET "/assets/rails.png" for 127.0.0.1 at 2013-09-30 18:56:57 -0700
Connecting to database specified by database.yml
Served asset /rails.png - 304 Not Modified (268ms)


Started GET "/movies" for 127.0.0.1 at 2013-09-30 18:57:00 -0700
Processing by MoviesController#index as HTML
Completed 500 Internal Server Error in 2ms

ActiveRecord::StatementInvalid (Could not find table 'movies'):
  app/controllers/movies_controller.rb:10:in `index'


  Rendered /home/saasbook/.rvm/gems/ruby-1.9.3-p448/gems/actionpack-3.2.14/lib/action_dispatch/middleware/templates/rescues/_trace.erb (7.2ms)
  Rendered /home/saasbook/.rvm/gems/ruby-1.9.3-p448/gems/actionpack-3.2.14/lib/action_dispatch/middleware/templates/rescues/_request_and_response.erb (1.9ms)
  Rendered /home/saasbook/.rvm/gems/ruby-1.9.3-p448/gems/actionpack-3.2.14/lib/action_dispatch/middleware/templates/rescues/diagnostics.erb within rescues/layout (209.4ms)
Connecting to database specified by database.yml
Connecting to database specified by database.yml
  [1m[36m (0.2ms)[0m  [1mselect sqlite_version(*)[0m
  [1m[35m (199.2ms)[0m  CREATE TABLE "schema_migrations" ("version" varchar(255) NOT NULL) 
  [1m[36m (197.7ms)[0m  [1mCREATE UNIQUE INDEX "unique_schema_migrations" ON "schema_migrations" ("version")[0m
  [1m[35m (143.3ms)[0m  SELECT "schema_migrations"."version" FROM "schema_migrations" 
Migrating to CreateMovies (20111119180638)
  [1m[36m (0.1ms)[0m  [1mbegin transaction[0m
  [1m[35m (0.6ms)[0m  CREATE TABLE "movies" ("id" INTEGER PRIMARY KEY AUTOINCREMENT NOT NULL, "title" varchar(255), "rating" varchar(255), "description" text, "release_date" datetime, "created_at" datetime NOT NULL, "updated_at" datetime NOT NULL) 
  [1m[36m (0.2ms)[0m  [1mINSERT INTO "schema_migrations" ("version") VALUES ('20111119180638')[0m
  [1m[35m (19.4ms)[0m  commit transaction
  [1m[36m (0.1ms)[0m  [1mSELECT "schema_migrations"."version" FROM "schema_migrations" [0m


Started GET "/movies" for 127.0.0.1 at 2013-10-04 21:55:26 -0700
Connecting to database specified by database.yml

SyntaxError (/Users/KeMa/Desktop/cs169/hw2/rottenpotatoes/app/models/movie.rb:5: syntax error, unexpected $end, expecting keyword_end):
  app/controllers/movies_controller.rb:1:in `<top (required)>'


  Rendered /Users/KeMa/.rvm/gems/ruby-1.9.3-p448/gems/actionpack-3.2.14/lib/action_dispatch/middleware/templates/rescues/_trace.erb (1.3ms)
  Rendered /Users/KeMa/.rvm/gems/ruby-1.9.3-p448/gems/actionpack-3.2.14/lib/action_dispatch/middleware/templates/rescues/_request_and_response.erb (6.1ms)
  Rendered /Users/KeMa/.rvm/gems/ruby-1.9.3-p448/gems/actionpack-3.2.14/lib/action_dispatch/middleware/templates/rescues/diagnostics.erb within rescues/layout (20.1ms)


Started GET "/movies" for 127.0.0.1 at 2013-10-04 22:00:45 -0700
Processing by MoviesController#index as HTML
  [1m[36mMovie Load (0.1ms)[0m  [1mSELECT "movies".* FROM "movies" [0m
  Rendered movies/index.html.haml within layouts/application (4.5ms)
Compiled application.css  (0ms)  (pid 463)
Compiled jquery.js  (1ms)  (pid 463)
Compiled jquery_ujs.js  (0ms)  (pid 463)
Compiled application.js  (74ms)  (pid 463)
Completed 200 OK in 167ms (Views: 166.3ms | ActiveRecord: 0.1ms)


Started GET "/assets/application.css?body=1" for 127.0.0.1 at 2013-10-04 22:00:45 -0700
Served asset /application.css - 200 OK (2ms)


Started GET "/assets/application.js?body=1" for 127.0.0.1 at 2013-10-04 22:00:45 -0700
Served asset /application.js - 200 OK (6ms)


Started GET "/assets/jquery.js?body=1" for 127.0.0.1 at 2013-10-04 22:00:45 -0700
Served asset /jquery.js - 200 OK (2ms)


Started GET "/assets/jquery_ujs.js?body=1" for 127.0.0.1 at 2013-10-04 22:00:45 -0700
Served asset /jquery_ujs.js - 200 OK (3ms)


Started GET "/movies/new" for 127.0.0.1 at 2013-10-04 22:00:51 -0700
Processing by MoviesController#new as HTML
  Rendered movies/new.html.haml within layouts/application (92.2ms)
Completed 200 OK in 117ms (Views: 116.9ms | ActiveRecord: 0.0ms)


Started GET "/movies" for 127.0.0.1 at 2013-10-04 22:40:29 -0700
Processing by MoviesController#index as HTML
Redirected to http://localhost:3000/movies?ratings%5BG%5D=yes&ratings%5BPG%5D=yes&ratings%5BPG-13%5D=yes&ratings%5BR%5D=yes
  [1m[35mMovie Load (0.2ms)[0m  SELECT "movies".* FROM "movies" WHERE (rating IN ('G','PG','PG-13','R'))
Completed 302 Found in 4ms (ActiveRecord: 0.2ms)


Started GET "/movies?ratings%5BG%5D=yes&ratings%5BPG%5D=yes&ratings%5BPG-13%5D=yes&ratings%5BR%5D=yes" for 127.0.0.1 at 2013-10-04 22:40:29 -0700
Processing by MoviesController#index as HTML
  Parameters: {"ratings"=>{"G"=>"yes", "PG"=>"yes", "PG-13"=>"yes", "R"=>"yes"}}
  [1m[36mMovie Load (0.2ms)[0m  [1mSELECT "movies".* FROM "movies" WHERE (rating IN ('G','PG','PG-13','R'))[0m
  Rendered movies/index.html.haml within layouts/application (0.5ms)
Completed 200 OK in 6ms (Views: 4.9ms | ActiveRecord: 0.2ms)


Started GET "/assets/application.css?body=1" for 127.0.0.1 at 2013-10-04 22:40:29 -0700
Served asset /application.css - 304 Not Modified (0ms)


Started GET "/assets/jquery.js?body=1" for 127.0.0.1 at 2013-10-04 22:40:29 -0700
Served asset /jquery.js - 304 Not Modified (0ms)


Started GET "/assets/jquery_ujs.js?body=1" for 127.0.0.1 at 2013-10-04 22:40:29 -0700
Served asset /jquery_ujs.js - 304 Not Modified (0ms)


Started GET "/assets/application.js?body=1" for 127.0.0.1 at 2013-10-04 22:40:29 -0700
Served asset /application.js - 304 Not Modified (0ms)


Started GET "/movies/new" for 127.0.0.1 at 2013-10-04 22:40:32 -0700
Processing by MoviesController#new as HTML
  Rendered movies/new.html.haml within layouts/application (7.3ms)
Completed 200 OK in 13ms (Views: 12.0ms | ActiveRecord: 0.0ms)


Started GET "/assets/jquery.js?body=1" for 127.0.0.1 at 2013-10-04 22:40:32 -0700
Served asset /jquery.js - 304 Not Modified (0ms)


Started GET "/assets/application.js?body=1" for 127.0.0.1 at 2013-10-04 22:40:32 -0700
Served asset /application.js - 304 Not Modified (0ms)


Started GET "/assets/jquery_ujs.js?body=1" for 127.0.0.1 at 2013-10-04 22:40:32 -0700
Served asset /jquery_ujs.js - 304 Not Modified (0ms)


Started GET "/assets/application.css?body=1" for 127.0.0.1 at 2013-10-04 22:40:32 -0700
Served asset /application.css - 304 Not Modified (0ms)


Started POST "/movies" for 127.0.0.1 at 2013-10-04 22:40:37 -0700
Processing by MoviesController#create as HTML
  Parameters: {"utf8"=>"✓", "authenticity_token"=>"6RajwFzVqlzMcRAcThiSWY0rhQu5n3RMJhzgpTOcjJI=", "movie"=>{"title"=>"a", "rating"=>"G", "release_date(1i)"=>"2013", "release_date(2i)"=>"10", "release_date(3i)"=>"5"}, "commit"=>"Save Changes"}
  [1m[35m (0.2ms)[0m  begin transaction
  [1m[36mSQL (85.8ms)[0m  [1mINSERT INTO "movies" ("created_at", "description", "rating", "release_date", "title", "updated_at") VALUES (?, ?, ?, ?, ?, ?)[0m  [["created_at", Sat, 05 Oct 2013 05:40:37 UTC +00:00], ["description", nil], ["rating", "G"], ["release_date", Sat, 05 Oct 2013 00:00:00 UTC +00:00], ["title", "a"], ["updated_at", Sat, 05 Oct 2013 05:40:37 UTC +00:00]]
  [1m[35m (1.2ms)[0m  commit transaction
Redirected to http://localhost:3000/movies
Completed 302 Found in 106ms (ActiveRecord: 87.1ms)


Started GET "/movies" for 127.0.0.1 at 2013-10-04 22:40:37 -0700
Processing by MoviesController#index as HTML
Redirected to http://localhost:3000/movies?ratings%5BG%5D=yes&ratings%5BPG%5D=yes&ratings%5BPG-13%5D=yes&ratings%5BR%5D=yes
  [1m[36mMovie Load (0.3ms)[0m  [1mSELECT "movies".* FROM "movies" WHERE (rating IN ('G','PG','PG-13','R'))[0m
Completed 302 Found in 2ms (ActiveRecord: 0.3ms)


Started GET "/movies?ratings%5BG%5D=yes&ratings%5BPG%5D=yes&ratings%5BPG-13%5D=yes&ratings%5BR%5D=yes" for 127.0.0.1 at 2013-10-04 22:40:37 -0700
Processing by MoviesController#index as HTML
  Parameters: {"ratings"=>{"G"=>"yes", "PG"=>"yes", "PG-13"=>"yes", "R"=>"yes"}}
  [1m[35mMovie Load (0.3ms)[0m  SELECT "movies".* FROM "movies" WHERE (rating IN ('G','PG','PG-13','R'))
  Rendered movies/index.html.haml within layouts/application (1.1ms)
Completed 200 OK in 6ms (Views: 4.6ms | ActiveRecord: 0.3ms)


Started GET "/assets/application.css?body=1" for 127.0.0.1 at 2013-10-04 22:40:38 -0700
Served asset /application.css - 304 Not Modified (0ms)


Started GET "/assets/jquery_ujs.js?body=1" for 127.0.0.1 at 2013-10-04 22:40:38 -0700
Served asset /jquery_ujs.js - 304 Not Modified (0ms)


Started GET "/assets/application.js?body=1" for 127.0.0.1 at 2013-10-04 22:40:38 -0700
Served asset /application.js - 304 Not Modified (0ms)


Started GET "/assets/jquery.js?body=1" for 127.0.0.1 at 2013-10-04 22:40:38 -0700
Served asset /jquery.js - 304 Not Modified (0ms)


Started GET "/movies/1" for 127.0.0.1 at 2013-10-04 22:40:41 -0700
Processing by MoviesController#show as HTML
  Parameters: {"id"=>"1"}
  [1m[36mMovie Load (0.3ms)[0m  [1mSELECT "movies".* FROM "movies" WHERE "movies"."id" = ? LIMIT 1[0m  [["id", "1"]]
  Rendered movies/show.html.haml within layouts/application (5.0ms)
Completed 200 OK in 26ms (Views: 22.7ms | ActiveRecord: 0.3ms)


Started GET "/assets/application.css?body=1" for 127.0.0.1 at 2013-10-04 22:40:41 -0700
Served asset /application.css - 304 Not Modified (0ms)


Started GET "/assets/jquery_ujs.js?body=1" for 127.0.0.1 at 2013-10-04 22:40:41 -0700
Served asset /jquery_ujs.js - 304 Not Modified (0ms)


Started GET "/assets/application.js?body=1" for 127.0.0.1 at 2013-10-04 22:40:41 -0700
Served asset /application.js - 304 Not Modified (0ms)


Started GET "/assets/jquery.js?body=1" for 127.0.0.1 at 2013-10-04 22:40:41 -0700
Served asset /jquery.js - 304 Not Modified (0ms)


Started GET "/movies" for 127.0.0.1 at 2013-10-04 22:40:46 -0700
Processing by MoviesController#index as HTML
Redirected to http://localhost:3000/movies?ratings%5BG%5D=yes&ratings%5BPG%5D=yes&ratings%5BPG-13%5D=yes&ratings%5BR%5D=yes
  [1m[35mMovie Load (0.3ms)[0m  SELECT "movies".* FROM "movies" WHERE (rating IN ('G','PG','PG-13','R'))
Completed 302 Found in 2ms (ActiveRecord: 0.3ms)


Started GET "/movies?ratings%5BG%5D=yes&ratings%5BPG%5D=yes&ratings%5BPG-13%5D=yes&ratings%5BR%5D=yes" for 127.0.0.1 at 2013-10-04 22:40:46 -0700
Processing by MoviesController#index as HTML
  Parameters: {"ratings"=>{"G"=>"yes", "PG"=>"yes", "PG-13"=>"yes", "R"=>"yes"}}
  [1m[36mMovie Load (0.2ms)[0m  [1mSELECT "movies".* FROM "movies" WHERE (rating IN ('G','PG','PG-13','R'))[0m
  Rendered movies/index.html.haml within layouts/application (1.3ms)
Completed 200 OK in 39ms (Views: 37.7ms | ActiveRecord: 0.2ms)


Started GET "/assets/application.css?body=1" for 127.0.0.1 at 2013-10-04 22:40:46 -0700
Served asset /application.css - 304 Not Modified (0ms)


Started GET "/assets/application.js?body=1" for 127.0.0.1 at 2013-10-04 22:40:46 -0700
Served asset /application.js - 304 Not Modified (0ms)


Started GET "/assets/jquery_ujs.js?body=1" for 127.0.0.1 at 2013-10-04 22:40:46 -0700
Served asset /jquery_ujs.js - 304 Not Modified (0ms)


Started GET "/assets/jquery.js?body=1" for 127.0.0.1 at 2013-10-04 22:40:46 -0700
Served asset /jquery.js - 304 Not Modified (0ms)
Connecting to database specified by database.yml
  [1m[36m (1.3ms)[0m  [1mSELECT "schema_migrations"."version" FROM "schema_migrations" [0m
Migrating to CreateMovies (20111119180638)
  [1m[35m (0.1ms)[0m  select sqlite_version(*)
  [1m[36m (0.1ms)[0m  [1mSELECT "schema_migrations"."version" FROM "schema_migrations" [0m


Started GET "/movies" for 127.0.0.1 at 2013-10-04 22:43:12 -0700
Connecting to database specified by database.yml
Processing by MoviesController#index as HTML
Redirected to http://localhost:3000/movies?ratings%5BG%5D=yes&ratings%5BPG%5D=yes&ratings%5BPG-13%5D=yes&ratings%5BR%5D=yes
  [1m[36mMovie Load (0.3ms)[0m  [1mSELECT "movies".* FROM "movies" WHERE (rating IN ('G','PG','PG-13','R'))[0m
Completed 302 Found in 12ms (ActiveRecord: 0.3ms)


Started GET "/movies?ratings%5BG%5D=yes&ratings%5BPG%5D=yes&ratings%5BPG-13%5D=yes&ratings%5BR%5D=yes" for 127.0.0.1 at 2013-10-04 22:43:13 -0700
Processing by MoviesController#index as HTML
  Parameters: {"ratings"=>{"G"=>"yes", "PG"=>"yes", "PG-13"=>"yes", "R"=>"yes"}}
  [1m[35mMovie Load (0.2ms)[0m  SELECT "movies".* FROM "movies" WHERE (rating IN ('G','PG','PG-13','R'))
  Rendered movies/index.html.haml within layouts/application (6.2ms)
Completed 200 OK in 49ms (Views: 47.7ms | ActiveRecord: 0.2ms)


Started GET "/assets/application.css?body=1" for 127.0.0.1 at 2013-10-04 22:43:13 -0700
Served asset /application.css - 304 Not Modified (2ms)


Started GET "/assets/jquery_ujs.js?body=1" for 127.0.0.1 at 2013-10-04 22:43:13 -0700
Served asset /jquery_ujs.js - 304 Not Modified (2ms)


Started GET "/assets/application.js?body=1" for 127.0.0.1 at 2013-10-04 22:43:13 -0700
Served asset /application.js - 304 Not Modified (4ms)


Started GET "/assets/jquery.js?body=1" for 127.0.0.1 at 2013-10-04 22:43:13 -0700
Served asset /jquery.js - 304 Not Modified (3ms)


Started GET "/movies/1" for 127.0.0.1 at 2013-10-04 22:43:21 -0700
Processing by MoviesController#show as HTML
  Parameters: {"id"=>"1"}
  [1m[36mMovie Load (0.4ms)[0m  [1mSELECT "movies".* FROM "movies" WHERE "movies"."id" = ? LIMIT 1[0m  [["id", "1"]]
  Rendered movies/show.html.haml within layouts/application (3.7ms)
Completed 200 OK in 10ms (Views: 7.1ms | ActiveRecord: 0.4ms)


Started GET "/assets/application.css?body=1" for 127.0.0.1 at 2013-10-04 22:43:21 -0700
Served asset /application.css - 304 Not Modified (0ms)


Started GET "/assets/jquery.js?body=1" for 127.0.0.1 at 2013-10-04 22:43:21 -0700
Served asset /jquery.js - 304 Not Modified (0ms)


Started GET "/assets/jquery_ujs.js?body=1" for 127.0.0.1 at 2013-10-04 22:43:21 -0700
Served asset /jquery_ujs.js - 304 Not Modified (0ms)


Started GET "/assets/application.js?body=1" for 127.0.0.1 at 2013-10-04 22:43:21 -0700
Served asset /application.js - 304 Not Modified (0ms)


Started DELETE "/movies/1" for 127.0.0.1 at 2013-10-04 22:43:25 -0700
Processing by MoviesController#destroy as HTML
  Parameters: {"authenticity_token"=>"6RajwFzVqlzMcRAcThiSWY0rhQu5n3RMJhzgpTOcjJI=", "id"=>"1"}
  [1m[35mMovie Load (0.1ms)[0m  SELECT "movies".* FROM "movies" WHERE "movies"."id" = ? LIMIT 1  [["id", "1"]]
  [1m[36m (0.1ms)[0m  [1mbegin transaction[0m
  [1m[35mSQL (31.7ms)[0m  DELETE FROM "movies" WHERE "movies"."id" = ?  [["id", 1]]
  [1m[36m (8.9ms)[0m  [1mcommit transaction[0m
Redirected to http://localhost:3000/movies
Completed 302 Found in 49ms (ActiveRecord: 40.9ms)


Started GET "/movies" for 127.0.0.1 at 2013-10-04 22:43:25 -0700
Processing by MoviesController#index as HTML
Redirected to http://localhost:3000/movies?ratings%5BG%5D=yes&ratings%5BPG%5D=yes&ratings%5BPG-13%5D=yes&ratings%5BR%5D=yes
  [1m[35mMovie Load (0.2ms)[0m  SELECT "movies".* FROM "movies" WHERE (rating IN ('G','PG','PG-13','R'))
Completed 302 Found in 2ms (ActiveRecord: 0.2ms)


Started GET "/movies?ratings%5BG%5D=yes&ratings%5BPG%5D=yes&ratings%5BPG-13%5D=yes&ratings%5BR%5D=yes" for 127.0.0.1 at 2013-10-04 22:43:25 -0700
Processing by MoviesController#index as HTML
  Parameters: {"ratings"=>{"G"=>"yes", "PG"=>"yes", "PG-13"=>"yes", "R"=>"yes"}}
  [1m[36mMovie Load (0.2ms)[0m  [1mSELECT "movies".* FROM "movies" WHERE (rating IN ('G','PG','PG-13','R'))[0m
  Rendered movies/index.html.haml within layouts/application (0.5ms)
Completed 200 OK in 5ms (Views: 4.1ms | ActiveRecord: 0.2ms)


Started GET "/assets/jquery.js?body=1" for 127.0.0.1 at 2013-10-04 22:43:25 -0700
Served asset /jquery.js - 304 Not Modified (0ms)


Started GET "/assets/jquery_ujs.js?body=1" for 127.0.0.1 at 2013-10-04 22:43:25 -0700
Served asset /jquery_ujs.js - 304 Not Modified (0ms)


Started GET "/assets/application.js?body=1" for 127.0.0.1 at 2013-10-04 22:43:25 -0700
Served asset /application.js - 304 Not Modified (0ms)


Started GET "/assets/application.css?body=1" for 127.0.0.1 at 2013-10-04 22:43:25 -0700
Served asset /application.css - 304 Not Modified (0ms)


Started GET "/movies?ratings%5BG%5D=yes&ratings%5BPG%5D=yes&ratings%5BPG-13%5D=yes&ratings%5BR%5D=yes" for 127.0.0.1 at 2013-10-04 22:46:33 -0700
Processing by MoviesController#index as HTML
  Parameters: {"ratings"=>{"G"=>"yes", "PG"=>"yes", "PG-13"=>"yes", "R"=>"yes"}}
  [1m[35mMovie Load (0.2ms)[0m  SELECT "movies".* FROM "movies" WHERE (rating IN ('G','PG','PG-13','R'))
  Rendered movies/index.html.haml within layouts/application (8.1ms)
Completed 200 OK in 14ms (Views: 12.3ms | ActiveRecord: 0.2ms)


Started GET "/assets/application.css?body=1" for 127.0.0.1 at 2013-10-04 22:46:34 -0700
Served asset /application.css - 304 Not Modified (0ms)


Started GET "/assets/jquery.js?body=1" for 127.0.0.1 at 2013-10-04 22:46:34 -0700
Served asset /jquery.js - 304 Not Modified (0ms)


Started GET "/assets/jquery_ujs.js?body=1" for 127.0.0.1 at 2013-10-04 22:46:34 -0700
Served asset /jquery_ujs.js - 304 Not Modified (0ms)


Started GET "/assets/application.js?body=1" for 127.0.0.1 at 2013-10-04 22:46:34 -0700
Served asset /application.js - 304 Not Modified (0ms)


Started GET "/assets/rails.png" for 127.0.0.1 at 2013-10-05 16:51:40 -0700
Connecting to database specified by database.yml
Served asset /rails.png - 200 OK (39ms)
Connecting to database specified by database.yml
  [1m[36m (26.6ms)[0m  [1mSELECT "schema_migrations"."version" FROM "schema_migrations" [0m
Migrating to CreateMovies (20111119180638)
  [1m[35m (0.1ms)[0m  select sqlite_version(*)
  [1m[36m (0.1ms)[0m  [1mSELECT "schema_migrations"."version" FROM "schema_migrations" [0m


Started GET "/assets/rails.png" for 127.0.0.1 at 2013-10-05 16:52:05 -0700
Connecting to database specified by database.yml
Served asset /rails.png - 304 Not Modified (2ms)


Started GET "/movies" for 127.0.0.1 at 2013-10-05 16:52:25 -0700
Processing by MoviesController#index as HTML
Redirected to http://localhost:3000/movies?ratings%5BG%5D=yes&ratings%5BPG%5D=yes&ratings%5BPG-13%5D=yes&ratings%5BR%5D=yes
  [1m[36mMovie Load (0.2ms)[0m  [1mSELECT "movies".* FROM "movies" WHERE (rating IN ('G','PG','PG-13','R'))[0m
Completed 302 Found in 3ms (ActiveRecord: 0.2ms)


Started GET "/movies?ratings%5BG%5D=yes&ratings%5BPG%5D=yes&ratings%5BPG-13%5D=yes&ratings%5BR%5D=yes" for 127.0.0.1 at 2013-10-05 16:52:25 -0700
Processing by MoviesController#index as HTML
  Parameters: {"ratings"=>{"G"=>"yes", "PG"=>"yes", "PG-13"=>"yes", "R"=>"yes"}}
  [1m[35mMovie Load (0.2ms)[0m  SELECT "movies".* FROM "movies" WHERE (rating IN ('G','PG','PG-13','R'))
  Rendered movies/index.html.haml within layouts/application (11.7ms)
Completed 200 OK in 157ms (Views: 155.8ms | ActiveRecord: 0.2ms)


Started GET "/assets/jquery.js?body=1" for 127.0.0.1 at 2013-10-05 16:52:26 -0700
Served asset /jquery.js - 200 OK (6ms)


Started GET "/assets/application.js?body=1" for 127.0.0.1 at 2013-10-05 16:52:26 -0700
Served asset /application.js - 200 OK (7ms)


Started GET "/assets/jquery_ujs.js?body=1" for 127.0.0.1 at 2013-10-05 16:52:26 -0700
Served asset /jquery_ujs.js - 200 OK (1ms)


Started GET "/assets/application.css?body=1" for 127.0.0.1 at 2013-10-05 16:52:26 -0700
Served asset /application.css - 200 OK (1ms)


Started GET "/movies?ratings%5BG%5D=yes&ratings%5BPG%5D=yes&ratings%5BPG-13%5D=yes&ratings%5BR%5D=yes" for 127.0.0.1 at 2013-10-05 16:57:18 -0700
Processing by MoviesController#index as HTML
  Parameters: {"ratings"=>{"G"=>"yes", "PG"=>"yes", "PG-13"=>"yes", "R"=>"yes"}}
Completed 500 Internal Server Error in 1ms

NoMethodError (undefined method `list_rating' for #<Class:0x007fb51c1e0a18>):
  app/controllers/movies_controller.rb:10:in `index'


  Rendered /Users/KeMa/.rvm/gems/ruby-1.9.3-p448/gems/actionpack-3.2.14/lib/action_dispatch/middleware/templates/rescues/_trace.erb (1.2ms)
  Rendered /Users/KeMa/.rvm/gems/ruby-1.9.3-p448/gems/actionpack-3.2.14/lib/action_dispatch/middleware/templates/rescues/_request_and_response.erb (1.1ms)
  Rendered /Users/KeMa/.rvm/gems/ruby-1.9.3-p448/gems/actionpack-3.2.14/lib/action_dispatch/middleware/templates/rescues/diagnostics.erb within rescues/layout (12.0ms)


Started GET "/movies?ratings%5BG%5D=yes&ratings%5BPG%5D=yes&ratings%5BPG-13%5D=yes&ratings%5BR%5D=yes" for 127.0.0.1 at 2013-10-05 16:58:01 -0700
Processing by MoviesController#index as HTML
  Parameters: {"ratings"=>{"G"=>"yes", "PG"=>"yes", "PG-13"=>"yes", "R"=>"yes"}}
  [1m[36mMovie Load (0.2ms)[0m  [1mSELECT "movies".* FROM "movies" [0m
  Rendered movies/index.html.haml within layouts/application (22.4ms)
Completed 500 Internal Server Error in 26ms

ActionView::Template::Error (undefined method `include?' for nil:NilClass):
    5:   Include: 
    6:   - @all_ratings.each do |rating|
    7:     = rating
    8:     = check_box_tag "ratings[#{rating}]", "yes", @ratings.include?(rating)
    9:   = submit_tag 'Refresh', :id => "ratings_submit"
    10: 
    11: %table#movies
  app/views/movies/index.html.haml:8:in `block (2 levels) in _app_views_movies_index_html_haml___2133868176875354562_70207921528240'
  app/views/movies/index.html.haml:6:in `each'
  app/views/movies/index.html.haml:6:in `block in _app_views_movies_index_html_haml___2133868176875354562_70207921528240'
  app/views/movies/index.html.haml:4:in `_app_views_movies_index_html_haml___2133868176875354562_70207921528240'


  Rendered /Users/KeMa/.rvm/gems/ruby-1.9.3-p448/gems/actionpack-3.2.14/lib/action_dispatch/middleware/templates/rescues/_trace.erb (1.3ms)
  Rendered /Users/KeMa/.rvm/gems/ruby-1.9.3-p448/gems/actionpack-3.2.14/lib/action_dispatch/middleware/templates/rescues/_request_and_response.erb (1.0ms)
  Rendered /Users/KeMa/.rvm/gems/ruby-1.9.3-p448/gems/actionpack-3.2.14/lib/action_dispatch/middleware/templates/rescues/template_error.erb within rescues/layout (9.0ms)


Started GET "/movies?ratings%5BG%5D=yes&ratings%5BPG%5D=yes&ratings%5BPG-13%5D=yes&ratings%5BR%5D=yes" for 127.0.0.1 at 2013-10-05 17:07:33 -0700
Processing by MoviesController#index as HTML
  Parameters: {"ratings"=>{"G"=>"yes", "PG"=>"yes", "PG-13"=>"yes", "R"=>"yes"}}
  [1m[35mMovie Load (0.2ms)[0m  SELECT "movies".* FROM "movies" 
  Rendered movies/index.html.haml within layouts/application (5.6ms)
Completed 200 OK in 12ms (Views: 11.0ms | ActiveRecord: 0.2ms)


Started GET "/assets/application.css?body=1" for 127.0.0.1 at 2013-10-05 17:07:33 -0700
Served asset /application.css - 304 Not Modified (0ms)


Started GET "/assets/application.js?body=1" for 127.0.0.1 at 2013-10-05 17:07:33 -0700
Served asset /application.js - 304 Not Modified (0ms)


Started GET "/assets/jquery_ujs.js?body=1" for 127.0.0.1 at 2013-10-05 17:07:33 -0700
Served asset /jquery_ujs.js - 304 Not Modified (0ms)


Started GET "/assets/jquery.js?body=1" for 127.0.0.1 at 2013-10-05 17:07:33 -0700
Served asset /jquery.js - 304 Not Modified (0ms)


Started GET "/movies/new" for 127.0.0.1 at 2013-10-05 17:19:08 -0700
Processing by MoviesController#new as HTML
  Rendered movies/new.html.haml within layouts/application (79.2ms)
Completed 200 OK in 100ms (Views: 99.2ms | ActiveRecord: 0.0ms)


Started GET "/assets/jquery_ujs.js?body=1" for 127.0.0.1 at 2013-10-05 17:19:08 -0700
Served asset /jquery_ujs.js - 304 Not Modified (0ms)


Started GET "/assets/application.css?body=1" for 127.0.0.1 at 2013-10-05 17:19:08 -0700
Served asset /application.css - 304 Not Modified (0ms)


Started GET "/assets/jquery.js?body=1" for 127.0.0.1 at 2013-10-05 17:19:08 -0700
Served asset /jquery.js - 304 Not Modified (0ms)


Started GET "/assets/application.js?body=1" for 127.0.0.1 at 2013-10-05 17:19:08 -0700
Served asset /application.js - 304 Not Modified (0ms)


Started POST "/movies" for 127.0.0.1 at 2013-10-05 17:19:24 -0700
Processing by MoviesController#create as HTML
  Parameters: {"utf8"=>"✓", "authenticity_token"=>"gpvTJccP31wL+4QdSEdp48oCM6hy1KZkFepJEG8XfUE=", "movie"=>{"title"=>"a", "rating"=>"PG", "release_date(1i)"=>"2013", "release_date(2i)"=>"10", "release_date(3i)"=>"6"}, "commit"=>"Save Changes"}
  [1m[36m (0.1ms)[0m  [1mbegin transaction[0m
  [1m[35mSQL (36.8ms)[0m  INSERT INTO "movies" ("created_at", "description", "rating", "release_date", "title", "updated_at") VALUES (?, ?, ?, ?, ?, ?)  [["created_at", Sun, 06 Oct 2013 00:19:24 UTC +00:00], ["description", nil], ["rating", "PG"], ["release_date", Sun, 06 Oct 2013 00:00:00 UTC +00:00], ["title", "a"], ["updated_at", Sun, 06 Oct 2013 00:19:24 UTC +00:00]]
  [1m[36m (10.5ms)[0m  [1mcommit transaction[0m
Redirected to http://localhost:3000/movies
Completed 302 Found in 68ms (ActiveRecord: 47.5ms)


Started GET "/movies" for 127.0.0.1 at 2013-10-05 17:19:25 -0700
Processing by MoviesController#index as HTML
Redirected to http://localhost:3000/movies?ratings%5BG%5D=yes&ratings%5BPG%5D=yes&ratings%5BPG-13%5D=yes&ratings%5BR%5D=yes
  [1m[35mMovie Load (0.3ms)[0m  SELECT "movies".* FROM "movies" 
Completed 302 Found in 3ms (ActiveRecord: 0.3ms)


Started GET "/movies?ratings%5BG%5D=yes&ratings%5BPG%5D=yes&ratings%5BPG-13%5D=yes&ratings%5BR%5D=yes" for 127.0.0.1 at 2013-10-05 17:19:25 -0700
Processing by MoviesController#index as HTML
  Parameters: {"ratings"=>{"G"=>"yes", "PG"=>"yes", "PG-13"=>"yes", "R"=>"yes"}}
  [1m[36mMovie Load (0.2ms)[0m  [1mSELECT "movies".* FROM "movies" [0m
  Rendered movies/index.html.haml within layouts/application (2.4ms)
Completed 200 OK in 7ms (Views: 5.9ms | ActiveRecord: 0.2ms)


Started GET "/assets/application.css?body=1" for 127.0.0.1 at 2013-10-05 17:19:25 -0700
Served asset /application.css - 304 Not Modified (0ms)


Started GET "/assets/jquery.js?body=1" for 127.0.0.1 at 2013-10-05 17:19:25 -0700
Served asset /jquery.js - 304 Not Modified (0ms)


Started GET "/assets/application.js?body=1" for 127.0.0.1 at 2013-10-05 17:19:25 -0700
Served asset /application.js - 304 Not Modified (0ms)


Started GET "/assets/jquery_ujs.js?body=1" for 127.0.0.1 at 2013-10-05 17:19:25 -0700
Served asset /jquery_ujs.js - 304 Not Modified (0ms)


Started GET "/movies" for 127.0.0.1 at 2013-10-06 13:27:53 -0700
Connecting to database specified by database.yml
Processing by MoviesController#index as HTML
Redirected to http://localhost:3000/movies?ratings%5BG%5D=1&ratings%5BPG%5D=1&ratings%5BPG-13%5D=1&ratings%5BR%5D=1
  [1m[36mMovie Load (0.2ms)[0m  [1mSELECT "movies".* FROM "movies" [0m
Completed 302 Found in 12ms (ActiveRecord: 0.2ms)


Started GET "/movies?ratings%5BG%5D=1&ratings%5BPG%5D=1&ratings%5BPG-13%5D=1&ratings%5BR%5D=1" for 127.0.0.1 at 2013-10-06 13:27:54 -0700
Processing by MoviesController#index as HTML
  Parameters: {"ratings"=>{"G"=>"1", "PG"=>"1", "PG-13"=>"1", "R"=>"1"}}
  [1m[35mMovie Load (0.2ms)[0m  SELECT "movies".* FROM "movies" 
  Rendered movies/index.html.haml within layouts/application (79.2ms)
Completed 200 OK in 294ms (Views: 292.4ms | ActiveRecord: 0.2ms)


Started GET "/assets/application.css?body=1" for 127.0.0.1 at 2013-10-06 13:27:55 -0700
Served asset /application.css - 200 OK (2ms)


Started GET "/assets/application.js?body=1" for 127.0.0.1 at 2013-10-06 13:27:55 -0700
Served asset /application.js - 200 OK (3ms)


Started GET "/assets/jquery.js?body=1" for 127.0.0.1 at 2013-10-06 13:27:55 -0700
Served asset /jquery.js - 200 OK (2ms)


Started GET "/assets/jquery_ujs.js?body=1" for 127.0.0.1 at 2013-10-06 13:27:55 -0700
Served asset /jquery_ujs.js - 200 OK (3ms)


Started GET "/movies?sort_by=release_date" for 127.0.0.1 at 2013-10-06 13:27:57 -0700
Processing by MoviesController#index as HTML
  Parameters: {"sort_by"=>"release_date"}
Redirected to http://localhost:3000/movies?ratings%5BG%5D=1&ratings%5BPG%5D=1&ratings%5BPG-13%5D=1&ratings%5BR%5D=1&sort_by=release_date
  [1m[36mMovie Load (0.4ms)[0m  [1mSELECT "movies".* FROM "movies" ORDER BY release_date[0m
Completed 302 Found in 2ms (ActiveRecord: 0.4ms)


Started GET "/movies?ratings%5BG%5D=1&ratings%5BPG%5D=1&ratings%5BPG-13%5D=1&ratings%5BR%5D=1&sort_by=release_date" for 127.0.0.1 at 2013-10-06 13:27:57 -0700
Processing by MoviesController#index as HTML
  Parameters: {"ratings"=>{"G"=>"1", "PG"=>"1", "PG-13"=>"1", "R"=>"1"}, "sort_by"=>"release_date"}
  [1m[35mMovie Load (0.3ms)[0m  SELECT "movies".* FROM "movies" ORDER BY release_date
  Rendered movies/index.html.haml within layouts/application (2.7ms)
Completed 200 OK in 9ms (Views: 7.7ms | ActiveRecord: 0.3ms)


Started GET "/movies?sort_by=title" for 127.0.0.1 at 2013-10-06 13:27:59 -0700
Processing by MoviesController#index as HTML
  Parameters: {"sort_by"=>"title"}
Redirected to http://localhost:3000/movies?ratings%5BG%5D=1&ratings%5BPG%5D=1&ratings%5BPG-13%5D=1&ratings%5BR%5D=1&sort_by=title
  [1m[36mMovie Load (0.3ms)[0m  [1mSELECT "movies".* FROM "movies" ORDER BY title[0m
Completed 302 Found in 192ms (ActiveRecord: 0.3ms)


Started GET "/movies?ratings%5BG%5D=1&ratings%5BPG%5D=1&ratings%5BPG-13%5D=1&ratings%5BR%5D=1&sort_by=title" for 127.0.0.1 at 2013-10-06 13:28:00 -0700
Processing by MoviesController#index as HTML
  Parameters: {"ratings"=>{"G"=>"1", "PG"=>"1", "PG-13"=>"1", "R"=>"1"}, "sort_by"=>"title"}
  [1m[35mMovie Load (0.3ms)[0m  SELECT "movies".* FROM "movies" ORDER BY title
  Rendered movies/index.html.haml within layouts/application (3.8ms)
Completed 200 OK in 299ms (Views: 297.2ms | ActiveRecord: 0.3ms)


Started GET "/movies/new" for 127.0.0.1 at 2013-10-06 13:28:02 -0700
Processing by MoviesController#new as HTML
  Rendered movies/new.html.haml within layouts/application (59.3ms)
Completed 200 OK in 692ms (Views: 691.6ms | ActiveRecord: 0.0ms)


Started POST "/movies" for 127.0.0.1 at 2013-10-06 13:28:07 -0700
Processing by MoviesController#create as HTML
  Parameters: {"utf8"=>"✓", "authenticity_token"=>"npRRD6w90i52kA0xDJQxfxHTW4krI3m1xEKbVP/lIzo=", "movie"=>{"title"=>"b", "rating"=>"G", "release_date(1i)"=>"2013", "release_date(2i)"=>"10", "release_date(3i)"=>"6"}, "commit"=>"Save Changes"}
  [1m[36m (0.1ms)[0m  [1mbegin transaction[0m
  [1m[35mSQL (91.4ms)[0m  INSERT INTO "movies" ("created_at", "description", "rating", "release_date", "title", "updated_at") VALUES (?, ?, ?, ?, ?, ?)  [["created_at", Sun, 06 Oct 2013 20:28:07 UTC +00:00], ["description", nil], ["rating", "G"], ["release_date", Sun, 06 Oct 2013 00:00:00 UTC +00:00], ["title", "b"], ["updated_at", Sun, 06 Oct 2013 20:28:07 UTC +00:00]]
  [1m[36m (25.4ms)[0m  [1mcommit transaction[0m
Redirected to http://localhost:3000/movies
Completed 302 Found in 122ms (ActiveRecord: 116.9ms)


Started GET "/movies" for 127.0.0.1 at 2013-10-06 13:28:07 -0700
Processing by MoviesController#index as HTML
Redirected to http://localhost:3000/movies?ratings%5BG%5D=1&ratings%5BPG%5D=1&ratings%5BPG-13%5D=1&ratings%5BR%5D=1&sort_by=title
  [1m[35mMovie Load (0.2ms)[0m  SELECT "movies".* FROM "movies" ORDER BY title
Completed 302 Found in 2ms (ActiveRecord: 0.2ms)


Started GET "/movies?ratings%5BG%5D=1&ratings%5BPG%5D=1&ratings%5BPG-13%5D=1&ratings%5BR%5D=1&sort_by=title" for 127.0.0.1 at 2013-10-06 13:28:07 -0700
Processing by MoviesController#index as HTML
  Parameters: {"ratings"=>{"G"=>"1", "PG"=>"1", "PG-13"=>"1", "R"=>"1"}, "sort_by"=>"title"}
  [1m[36mMovie Load (0.2ms)[0m  [1mSELECT "movies".* FROM "movies" ORDER BY title[0m
  Rendered movies/index.html.haml within layouts/application (2.6ms)
Completed 200 OK in 8ms (Views: 6.4ms | ActiveRecord: 0.2ms)


Started GET "/movies?sort_by=release_date" for 127.0.0.1 at 2013-10-06 13:28:10 -0700
Processing by MoviesController#index as HTML
  Parameters: {"sort_by"=>"release_date"}
Redirected to http://localhost:3000/movies?ratings%5BG%5D=1&ratings%5BPG%5D=1&ratings%5BPG-13%5D=1&ratings%5BR%5D=1&sort_by=release_date
  [1m[35mMovie Load (0.2ms)[0m  SELECT "movies".* FROM "movies" ORDER BY release_date
Completed 302 Found in 2ms (ActiveRecord: 0.2ms)


Started GET "/movies?ratings%5BG%5D=1&ratings%5BPG%5D=1&ratings%5BPG-13%5D=1&ratings%5BR%5D=1&sort_by=release_date" for 127.0.0.1 at 2013-10-06 13:28:10 -0700
Processing by MoviesController#index as HTML
  Parameters: {"ratings"=>{"G"=>"1", "PG"=>"1", "PG-13"=>"1", "R"=>"1"}, "sort_by"=>"release_date"}
  [1m[36mMovie Load (0.3ms)[0m  [1mSELECT "movies".* FROM "movies" ORDER BY release_date[0m
  Rendered movies/index.html.haml within layouts/application (3.2ms)
Completed 200 OK in 9ms (Views: 7.4ms | ActiveRecord: 0.3ms)


Started GET "/movies/new" for 127.0.0.1 at 2013-10-06 13:28:13 -0700
Processing by MoviesController#new as HTML
  Rendered movies/new.html.haml within layouts/application (5.1ms)
Completed 200 OK in 306ms (Views: 305.4ms | ActiveRecord: 0.0ms)


Started POST "/movies" for 127.0.0.1 at 2013-10-06 13:28:18 -0700
Processing by MoviesController#create as HTML
  Parameters: {"utf8"=>"✓", "authenticity_token"=>"npRRD6w90i52kA0xDJQxfxHTW4krI3m1xEKbVP/lIzo=", "movie"=>{"title"=>"c", "rating"=>"G", "release_date(1i)"=>"2012", "release_date(2i)"=>"10", "release_date(3i)"=>"6"}, "commit"=>"Save Changes"}
  [1m[35m (0.1ms)[0m  begin transaction
  [1m[36mSQL (176.3ms)[0m  [1mINSERT INTO "movies" ("created_at", "description", "rating", "release_date", "title", "updated_at") VALUES (?, ?, ?, ?, ?, ?)[0m  [["created_at", Sun, 06 Oct 2013 20:28:18 UTC +00:00], ["description", nil], ["rating", "G"], ["release_date", Sat, 06 Oct 2012 00:00:00 UTC +00:00], ["title", "c"], ["updated_at", Sun, 06 Oct 2013 20:28:18 UTC +00:00]]
  [1m[35m (146.6ms)[0m  commit transaction
Redirected to http://localhost:3000/movies
Completed 302 Found in 327ms (ActiveRecord: 323.0ms)


Started GET "/movies" for 127.0.0.1 at 2013-10-06 13:28:19 -0700
Processing by MoviesController#index as HTML
Redirected to http://localhost:3000/movies?ratings%5BG%5D=1&ratings%5BPG%5D=1&ratings%5BPG-13%5D=1&ratings%5BR%5D=1&sort_by=release_date
  [1m[36mMovie Load (0.3ms)[0m  [1mSELECT "movies".* FROM "movies" ORDER BY release_date[0m
Completed 302 Found in 2ms (ActiveRecord: 0.3ms)


Started GET "/movies?ratings%5BG%5D=1&ratings%5BPG%5D=1&ratings%5BPG-13%5D=1&ratings%5BR%5D=1&sort_by=release_date" for 127.0.0.1 at 2013-10-06 13:28:19 -0700
Processing by MoviesController#index as HTML
  Parameters: {"ratings"=>{"G"=>"1", "PG"=>"1", "PG-13"=>"1", "R"=>"1"}, "sort_by"=>"release_date"}
  [1m[35mMovie Load (0.2ms)[0m  SELECT "movies".* FROM "movies" ORDER BY release_date
  Rendered movies/index.html.haml within layouts/application (3.1ms)
Completed 200 OK in 8ms (Views: 6.4ms | ActiveRecord: 0.2ms)


Started GET "/movies?sort_by=release_date" for 127.0.0.1 at 2013-10-06 13:28:20 -0700
Processing by MoviesController#index as HTML
  Parameters: {"sort_by"=>"release_date"}
Redirected to http://localhost:3000/movies?ratings%5BG%5D=1&ratings%5BPG%5D=1&ratings%5BPG-13%5D=1&ratings%5BR%5D=1&sort_by=release_date
  [1m[36mMovie Load (0.3ms)[0m  [1mSELECT "movies".* FROM "movies" ORDER BY release_date[0m
Completed 302 Found in 3ms (ActiveRecord: 0.3ms)


Started GET "/movies?ratings%5BG%5D=1&ratings%5BPG%5D=1&ratings%5BPG-13%5D=1&ratings%5BR%5D=1&sort_by=release_date" for 127.0.0.1 at 2013-10-06 13:28:20 -0700
Processing by MoviesController#index as HTML
  Parameters: {"ratings"=>{"G"=>"1", "PG"=>"1", "PG-13"=>"1", "R"=>"1"}, "sort_by"=>"release_date"}
  [1m[35mMovie Load (0.2ms)[0m  SELECT "movies".* FROM "movies" ORDER BY release_date
  Rendered movies/index.html.haml within layouts/application (3.1ms)
Completed 200 OK in 8ms (Views: 6.5ms | ActiveRecord: 0.2ms)


Started GET "/movies?sort_by=title" for 127.0.0.1 at 2013-10-06 13:28:22 -0700
Processing by MoviesController#index as HTML
  Parameters: {"sort_by"=>"title"}
Redirected to http://localhost:3000/movies?ratings%5BG%5D=1&ratings%5BPG%5D=1&ratings%5BPG-13%5D=1&ratings%5BR%5D=1&sort_by=title
  [1m[36mMovie Load (0.3ms)[0m  [1mSELECT "movies".* FROM "movies" ORDER BY title[0m
Completed 302 Found in 3ms (ActiveRecord: 0.3ms)


Started GET "/movies?ratings%5BG%5D=1&ratings%5BPG%5D=1&ratings%5BPG-13%5D=1&ratings%5BR%5D=1&sort_by=title" for 127.0.0.1 at 2013-10-06 13:28:22 -0700
Processing by MoviesController#index as HTML
  Parameters: {"ratings"=>{"G"=>"1", "PG"=>"1", "PG-13"=>"1", "R"=>"1"}, "sort_by"=>"title"}
  [1m[35mMovie Load (0.4ms)[0m  SELECT "movies".* FROM "movies" ORDER BY title
  Rendered movies/index.html.haml within layouts/application (4.6ms)
Completed 200 OK in 12ms (Views: 9.3ms | ActiveRecord: 0.4ms)


Started GET "/movies?sort_by=release_date" for 127.0.0.1 at 2013-10-06 13:35:08 -0700
Processing by MoviesController#index as HTML
  Parameters: {"sort_by"=>"release_date"}
Redirected to http://localhost:3000/movies?ratings%5BG%5D=1&ratings%5BPG%5D=1&ratings%5BPG-13%5D=1&ratings%5BR%5D=1&sort_by=release_date
  [1m[36mMovie Load (0.2ms)[0m  [1mSELECT "movies".* FROM "movies" ORDER BY release_date[0m
Completed 302 Found in 2ms (ActiveRecord: 0.2ms)


Started GET "/movies?ratings%5BG%5D=1&ratings%5BPG%5D=1&ratings%5BPG-13%5D=1&ratings%5BR%5D=1&sort_by=release_date" for 127.0.0.1 at 2013-10-06 13:35:08 -0700
Processing by MoviesController#index as HTML
  Parameters: {"ratings"=>{"G"=>"1", "PG"=>"1", "PG-13"=>"1", "R"=>"1"}, "sort_by"=>"release_date"}
  [1m[35mMovie Load (0.2ms)[0m  SELECT "movies".* FROM "movies" ORDER BY release_date
  Rendered movies/index.html.haml within layouts/application (3.4ms)
Completed 200 OK in 9ms (Views: 7.6ms | ActiveRecord: 0.2ms)


Started GET "/movies/2" for 127.0.0.1 at 2013-10-06 13:35:10 -0700
Processing by MoviesController#show as HTML
  Parameters: {"id"=>"2"}
  [1m[36mMovie Load (0.3ms)[0m  [1mSELECT "movies".* FROM "movies" WHERE "movies"."id" = ? LIMIT 1[0m  [["id", "2"]]
  Rendered movies/show.html.haml within layouts/application (4.0ms)
Completed 200 OK in 22ms (Views: 19.4ms | ActiveRecord: 0.3ms)


Started GET "/movies" for 127.0.0.1 at 2013-10-06 13:35:13 -0700
Processing by MoviesController#index as HTML
Redirected to http://localhost:3000/movies?ratings%5BG%5D=1&ratings%5BPG%5D=1&ratings%5BPG-13%5D=1&ratings%5BR%5D=1&sort_by=release_date
  [1m[35mMovie Load (0.3ms)[0m  SELECT "movies".* FROM "movies" ORDER BY release_date
Completed 302 Found in 2ms (ActiveRecord: 0.3ms)


Started GET "/movies?ratings%5BG%5D=1&ratings%5BPG%5D=1&ratings%5BPG-13%5D=1&ratings%5BR%5D=1&sort_by=release_date" for 127.0.0.1 at 2013-10-06 13:35:13 -0700
Processing by MoviesController#index as HTML
  Parameters: {"ratings"=>{"G"=>"1", "PG"=>"1", "PG-13"=>"1", "R"=>"1"}, "sort_by"=>"release_date"}
  [1m[36mMovie Load (0.3ms)[0m  [1mSELECT "movies".* FROM "movies" ORDER BY release_date[0m
  Rendered movies/index.html.haml within layouts/application (4.2ms)
Completed 200 OK in 10ms (Views: 8.8ms | ActiveRecord: 0.3ms)


Started GET "/movies" for 127.0.0.1 at 2013-10-06 14:25:28 -0700
Processing by MoviesController#index as HTML
Redirected to http://localhost:3000/movies?ratings%5BG%5D=1&ratings%5BPG%5D=1&ratings%5BPG-13%5D=1&ratings%5BR%5D=1
  [1m[35mMovie Load (0.2ms)[0m  SELECT "movies".* FROM "movies" 
Completed 302 Found in 2ms (ActiveRecord: 0.2ms)


Started GET "/movies?ratings%5BG%5D=1&ratings%5BPG%5D=1&ratings%5BPG-13%5D=1&ratings%5BR%5D=1" for 127.0.0.1 at 2013-10-06 14:25:28 -0700
Processing by MoviesController#index as HTML
  Parameters: {"ratings"=>{"G"=>"1", "PG"=>"1", "PG-13"=>"1", "R"=>"1"}}
  [1m[36mMovie Load (0.2ms)[0m  [1mSELECT "movies".* FROM "movies" [0m
  Rendered movies/index.html.haml within layouts/application (3.5ms)
Completed 200 OK in 10ms (Views: 8.2ms | ActiveRecord: 0.2ms)


Started GET "/assets/jquery.js?body=1" for 127.0.0.1 at 2013-10-06 14:25:28 -0700
Served asset /jquery.js - 200 OK (0ms)


Started GET "/assets/jquery_ujs.js?body=1" for 127.0.0.1 at 2013-10-06 14:25:28 -0700
Served asset /jquery_ujs.js - 200 OK (0ms)


Started GET "/assets/application.css?body=1" for 127.0.0.1 at 2013-10-06 14:25:28 -0700
Served asset /application.css - 200 OK (0ms)


Started GET "/assets/application.js?body=1" for 127.0.0.1 at 2013-10-06 14:25:28 -0700
Served asset /application.js - 200 OK (0ms)


Started GET "/movies?utf8=%E2%9C%93&ratings%5BPG%5D=1&commit=Refresh" for 127.0.0.1 at 2013-10-06 14:25:37 -0700
Processing by MoviesController#index as HTML
  Parameters: {"utf8"=>"✓", "ratings"=>{"PG"=>"1"}, "commit"=>"Refresh"}
  [1m[35mMovie Load (0.2ms)[0m  SELECT "movies".* FROM "movies" 
  Rendered movies/index.html.haml within layouts/application (3.1ms)
Completed 200 OK in 9ms (Views: 7.3ms | ActiveRecord: 0.2ms)


Started GET "/movies?utf8=%E2%9C%93&ratings%5BPG%5D=1&commit=Refresh" for 127.0.0.1 at 2013-10-06 14:39:53 -0700
Processing by MoviesController#index as HTML
  Parameters: {"utf8"=>"✓", "ratings"=>{"PG"=>"1"}, "commit"=>"Refresh"}
  Rendered movies/index.html.haml within layouts/application (201.6ms)
Completed 500 Internal Server Error in 205ms

ActionView::Template::Error (undefined method `each' for nil:NilClass):
    3: 
    4: = form_tag movies_path, :id => 'ratings_form', :method => :get do
    5:   Include:
    6:   - @all_ratings.each do |rating|
    7:     = rating
    8:     = check_box_tag "ratings[#{rating}]",1, (checked = @filter.include?(rating) ? true : false)
    9:   = submit_tag 'Refresh', :id => 'ratings_submit' 
  app/views/movies/index.html.haml:6:in `block in _app_views_movies_index_html_haml__2984609892545427232_70291208289440'
  app/views/movies/index.html.haml:4:in `_app_views_movies_index_html_haml__2984609892545427232_70291208289440'


  Rendered /Users/KeMa/.rvm/gems/ruby-1.9.3-p448/gems/actionpack-3.2.14/lib/action_dispatch/middleware/templates/rescues/_trace.erb (1.8ms)
  Rendered /Users/KeMa/.rvm/gems/ruby-1.9.3-p448/gems/actionpack-3.2.14/lib/action_dispatch/middleware/templates/rescues/_request_and_response.erb (1.2ms)
  Rendered /Users/KeMa/.rvm/gems/ruby-1.9.3-p448/gems/actionpack-3.2.14/lib/action_dispatch/middleware/templates/rescues/template_error.erb within rescues/layout (15.2ms)


Started GET "/movies?utf8=%E2%9C%93&ratings%5BPG%5D=1&commit=Refresh" for 127.0.0.1 at 2013-10-06 14:40:04 -0700
Processing by MoviesController#index as HTML
  Parameters: {"utf8"=>"✓", "ratings"=>{"PG"=>"1"}, "commit"=>"Refresh"}
  [1m[36mMovie Load (0.2ms)[0m  [1mSELECT "movies".* FROM "movies" [0m
  Rendered movies/index.html.haml within layouts/application (3.4ms)
Completed 200 OK in 19ms (Views: 8.9ms | ActiveRecord: 0.2ms)


Started GET "/assets/application.css?body=1" for 127.0.0.1 at 2013-10-06 14:40:05 -0700
Served asset /application.css - 304 Not Modified (0ms)


Started GET "/assets/jquery_ujs.js?body=1" for 127.0.0.1 at 2013-10-06 14:40:05 -0700
Served asset /jquery_ujs.js - 304 Not Modified (0ms)


Started GET "/assets/application.js?body=1" for 127.0.0.1 at 2013-10-06 14:40:05 -0700
Served asset /application.js - 304 Not Modified (0ms)


Started GET "/assets/jquery.js?body=1" for 127.0.0.1 at 2013-10-06 14:40:05 -0700
Served asset /jquery.js - 304 Not Modified (0ms)
